<?xml version="1.0" encoding="UTF-8"?>
<!-- Generated by org.testng.reporters.JUnitReportReporter -->
<testsuite hostname="Sandeeps-MacBook-Air.local" failures="0" tests="5" name="com.google.qa.testcases.HomePageTest" time="22.975" errors="0" timestamp="2023-03-04T12:38:25 MST" skipped="0">
  <testcase classname="com.google.qa.testcases.HomePageTest" name="HomePagetitleTest" time="3.515"/>
  <system-out/>
  <testcase classname="com.google.qa.testcases.HomePageTest" name="GooogleImageLogoTest" time="3.768"/>
  <system-out/>
  <testcase classname="com.google.qa.testcases.HomePageTest" name="SearchPageTest" time="5.732"/>
  <system-out/>
  <testcase classname="com.google.qa.testcases.HomePageTest" name="GmailPageTest" time="4.464"/>
  <system-out/>
  <testcase classname="com.google.qa.testcases.HomePageTest" name="VerifyStoreLinkTest" time="5.496"/>
  <system-out/>
</testsuite> <!-- com.google.qa.testcases.HomePageTest -->
