<?xml version="1.0" encoding="UTF-8"?>
<!-- Generated by org.testng.reporters.JUnitReportReporter -->
<testsuite hostname="Sandeeps-MacBook-Air.local" failures="0" tests="3" name="com.google.qa.testcases.StorePageTest" time="17.225" errors="0" timestamp="2023-03-04T14:53:16 MST" skipped="0">
  <testcase classname="com.google.qa.testcases.StorePageTest" name="PhonesDisplayTest" time="5.159"/>
  <system-out/>
  <testcase classname="com.google.qa.testcases.StorePageTest" name="LaptopDisplayTest" time="5.934"/>
  <system-out/>
  <testcase classname="com.google.qa.testcases.StorePageTest" name="StorePageTitleTest" time="6.132"/>
  <system-out/>
</testsuite> <!-- com.google.qa.testcases.StorePageTest -->
