<?xml version="1.0" encoding="UTF-8"?>
<!-- Generated by org.testng.reporters.JUnitReportReporter -->
<testsuite hostname="Sandeeps-MacBook-Air.local" failures="0" tests="5" name="com.google.qa.testcases.HomePageTest" time="21.076" errors="0" timestamp="2023-03-04T14:53:16 MST" skipped="0">
  <testcase classname="com.google.qa.testcases.HomePageTest" name="HomePagetitleTest" time="3.840"/>
  <system-out/>
  <testcase classname="com.google.qa.testcases.HomePageTest" name="GooogleImageLogoTest" time="3.577"/>
  <system-out/>
  <testcase classname="com.google.qa.testcases.HomePageTest" name="SearchPageTest" time="3.775"/>
  <system-out/>
  <testcase classname="com.google.qa.testcases.HomePageTest" name="GmailPageTest" time="4.859"/>
  <system-out/>
  <testcase classname="com.google.qa.testcases.HomePageTest" name="VerifyStoreLinkTest" time="5.025"/>
  <system-out/>
</testsuite> <!-- com.google.qa.testcases.HomePageTest -->
